Using pre-set license
Built from '2020.3/staging' branch; Version is '2020.3.25f1 (9b9180224418) revision 10195328'; Using compiler version '192528614'; Build Type 'Release'
OS: 'Windows 10  (10.0.19043) 64bit Core' Language: 'ko' Physical Memory: 16322 MB
BatchMode: 1, IsHumanControllingUs: 0, StartBugReporterOnCrash: 0, Is64bit: 1, IsPro: 0

COMMAND LINE ARGUMENTS:
C:\Program Files\Unity 2020.3.25f1\Editor\Unity.exe
-adb2
-batchMode
-noUpm
-name
AssetImportWorker0
-projectPath
C:/Users/PC/Documents/GitHub/UnityMultiplay/MultiGame
-logFile
Logs/AssetImportWorker0.log
-srvPort
51385
Successfully changed project path to: C:/Users/PC/Documents/GitHub/UnityMultiplay/MultiGame
C:/Users/PC/Documents/GitHub/UnityMultiplay/MultiGame
Using Asset Import Pipeline V2.
Default GameObject BitMask: Water already registered
Refreshing native plugins compatible for Editor in 69.30 ms, found 2 plugins.
Preloading 0 native plugins for Editor in 0.00 ms.
Initialize engine version: 2020.3.25f1 (9b9180224418)
[Subsystems] Discovering subsystems at path C:/Program Files/Unity 2020.3.25f1/Editor/Data/Resources/UnitySubsystems
[Subsystems] Discovering subsystems at path C:/Users/PC/Documents/GitHub/UnityMultiplay/MultiGame/Assets
GfxDevice: creating device client; threaded=0
Direct3D:
    Version:  Direct3D 11.0 [level 11.1]
    Renderer: NVIDIA GeForce RTX 2060 (ID=0x1f08)
    Vendor:   
    VRAM:     5980 MB
    Driver:   30.0.15.1215
Initialize mono
Mono path[0] = 'C:/Program Files/Unity 2020.3.25f1/Editor/Data/Managed'
Mono path[1] = 'C:/Program Files/Unity 2020.3.25f1/Editor/Data/MonoBleedingEdge/lib/mono/unityjit'
Mono config path = 'C:/Program Files/Unity 2020.3.25f1/Editor/Data/MonoBleedingEdge/etc'
Using monoOptions --debugger-agent=transport=dt_socket,embedding=1,server=y,suspend=n,address=127.0.0.1:56872
Begin MonoManager ReloadAssembly
Registering precompiled unity dll's ...
Register platform support module: C:/Program Files/Unity 2020.3.25f1/Editor/Data/PlaybackEngines/WindowsStandaloneSupport/UnityEditor.WindowsStandalone.Extensions.dll
Registered in 0.005944 seconds.
Native extension for WindowsStandalone target not found
Refreshing native plugins compatible for Editor in 62.70 ms, found 2 plugins.
Preloading 0 native plugins for Editor in 0.00 ms.
Mono: successfully reloaded assembly
- Completed reload, in  0.663 seconds
Domain Reload Profiling:
	ReloadAssembly (663ms)
		BeginReloadAssembly (92ms)
			ExecutionOrderSort (0ms)
			DisableScriptedObjects (0ms)
			BackupInstance (0ms)
			ReleaseScriptingObjects (0ms)
			CreateAndSetChildDomain (1ms)
		EndReloadAssembly (481ms)
			LoadAssemblies (86ms)
			RebuildTransferFunctionScriptingTraits (0ms)
			SetupTypeCache (141ms)
			ReleaseScriptCaches (0ms)
			RebuildScriptCaches (34ms)
			SetupLoadedEditorAssemblies (187ms)
				LogAssemblyErrors (0ms)
				InitializePlatformSupportModulesInManaged (5ms)
				SetLoadedEditorAssemblies (0ms)
				RefreshPlugins (63ms)
				BeforeProcessingInitializeOnLoad (14ms)
				ProcessInitializeOnLoadAttributes (77ms)
				ProcessInitializeOnLoadMethodAttributes (27ms)
				AfterProcessingInitializeOnLoad (0ms)
				EditorAssembliesLoaded (0ms)
			ExecutionOrderSort2 (0ms)
			AwakeInstancesAfterBackupRestoration (0ms)
Platform modules already initialized, skipping
Registering precompiled user dll's ...
Registered in 0.018156 seconds.
Begin MonoManager ReloadAssembly
Native extension for WindowsStandalone target not found
Refreshing native plugins compatible for Editor in 0.71 ms, found 2 plugins.
Preloading 0 native plugins for Editor in 0.00 ms.
Mono: successfully reloaded assembly
- Completed reload, in  1.281 seconds
Domain Reload Profiling:
	ReloadAssembly (1282ms)
		BeginReloadAssembly (178ms)
			ExecutionOrderSort (0ms)
			DisableScriptedObjects (5ms)
			BackupInstance (0ms)
			ReleaseScriptingObjects (0ms)
			CreateAndSetChildDomain (19ms)
		EndReloadAssembly (1020ms)
			LoadAssemblies (153ms)
			RebuildTransferFunctionScriptingTraits (0ms)
			SetupTypeCache (315ms)
			ReleaseScriptCaches (0ms)
			RebuildScriptCaches (65ms)
			SetupLoadedEditorAssemblies (408ms)
				LogAssemblyErrors (0ms)
				InitializePlatformSupportModulesInManaged (5ms)
				SetLoadedEditorAssemblies (1ms)
				RefreshPlugins (1ms)
				BeforeProcessingInitializeOnLoad (120ms)
				ProcessInitializeOnLoadAttributes (250ms)
				ProcessInitializeOnLoadMethodAttributes (14ms)
				AfterProcessingInitializeOnLoad (17ms)
				EditorAssembliesLoaded (0ms)
			ExecutionOrderSort2 (0ms)
			AwakeInstancesAfterBackupRestoration (7ms)
Platform modules already initialized, skipping
========================================================================
Worker process is ready to serve import requests
Default GameObject BitMask: Water already registered
Launched and connected shader compiler UnityShaderCompiler.exe after 0.05 seconds
Refreshing native plugins compatible for Editor in 0.64 ms, found 2 plugins.
Preloading 0 native plugins for Editor in 0.00 ms.
Unloading 2040 Unused Serialized files (Serialized files now loaded: 0)
System memory in use before: 93.0 MB.
System memory in use after: 93.1 MB.

Unloading 26 unused Assets to reduce memory usage. Loaded Objects now: 2474.
Total: 2.631900 ms (FindLiveObjects: 0.152400 ms CreateObjectMapping: 0.069800 ms MarkObjects: 2.340000 ms  DeleteObjects: 0.068600 ms)

AssetImportParameters requested are different than current active one (requested -> active):
  custom:framework-win-MediaFoundation: 216162199b28c13a410421893ffa2e32 -> 
  custom:video-decoder-ogg-theora: a1e56fd34408186e4bbccfd4996cb3dc -> 
  custom:container-muxer-webm: aa71ff27fc2769a1b78a27578f13a17b -> 
  custom:container-demuxer-webm: 4f35f7cbe854078d1ac9338744f61a02 -> 
  custom:container-demuxer-ogg: 62fdf1f143b41e24485cea50d1cbac27 -> 
  custom:video-encoder-webm-vp8: eb34c28f22e8b96e1ab97ce403110664 -> 
  custom:video-decoder-webm-vp8: 9c59270c3fd7afecdb556c50c9e8de78 -> 
  custom:audio-decoder-ogg-vorbis: bf7c407c2cedff20999df2af8eb42d56 -> 
  custom:audio-encoder-webm-vorbis: bf7c407c2cedff20999df2af8eb42d56 -> 
========================================================================
Received Import Request.
  path: Assets/Scenes/Game.unity
  artifactKey: Guid(9fc0d4010bbf28b4594072e72b8655ab) Importer(815301076,1909f56bfc062723c751e8b465ee728b)
Start importing Assets/Scenes/Game.unity using Guid(9fc0d4010bbf28b4594072e72b8655ab) Importer(815301076,1909f56bfc062723c751e8b465ee728b)  -> (artifact id: '1bfae275241171f64fa9effa92ef8183') in 0.014186 seconds 
  Import took 0.017354 seconds .

========================================================================
Received Prepare
Default GameObject BitMask: Water already registered
Registering precompiled user dll's ...
Registered in 0.011709 seconds.
Begin MonoManager ReloadAssembly
Native extension for WindowsStandalone target not found
Refreshing native plugins compatible for Editor in 0.74 ms, found 2 plugins.
Preloading 0 native plugins for Editor in 0.00 ms.
Mono: successfully reloaded assembly
- Completed reload, in  1.253 seconds
Domain Reload Profiling:
	ReloadAssembly (1254ms)
		BeginReloadAssembly (160ms)
			ExecutionOrderSort (0ms)
			DisableScriptedObjects (5ms)
			BackupInstance (0ms)
			ReleaseScriptingObjects (0ms)
			CreateAndSetChildDomain (39ms)
		EndReloadAssembly (1011ms)
			LoadAssemblies (138ms)
			RebuildTransferFunctionScriptingTraits (0ms)
			SetupTypeCache (345ms)
			ReleaseScriptCaches (1ms)
			RebuildScriptCaches (55ms)
			SetupLoadedEditorAssemblies (385ms)
				LogAssemblyErrors (0ms)
				InitializePlatformSupportModulesInManaged (6ms)
				SetLoadedEditorAssemblies (0ms)
				RefreshPlugins (1ms)
				BeforeProcessingInitializeOnLoad (118ms)
				ProcessInitializeOnLoadAttributes (230ms)
				ProcessInitializeOnLoadMethodAttributes (13ms)
				AfterProcessingInitializeOnLoad (16ms)
				EditorAssembliesLoaded (0ms)
			ExecutionOrderSort2 (0ms)
			AwakeInstancesAfterBackupRestoration (6ms)
Platform modules already initialized, skipping
Refreshing native plugins compatible for Editor in 0.66 ms, found 2 plugins.
Preloading 0 native plugins for Editor in 0.00 ms.
Unloading 2018 Unused Serialized files (Serialized files now loaded: 0)
System memory in use before: 91.5 MB.
System memory in use after: 91.6 MB.

Unloading 20 unused Assets to reduce memory usage. Loaded Objects now: 2477.
Total: 2.384500 ms (FindLiveObjects: 0.157800 ms CreateObjectMapping: 0.065300 ms MarkObjects: 2.144400 ms  DeleteObjects: 0.016200 ms)

AssetImportParameters requested are different than current active one (requested -> active):
  custom:framework-win-MediaFoundation: 216162199b28c13a410421893ffa2e32 -> 
  custom:video-decoder-ogg-theora: a1e56fd34408186e4bbccfd4996cb3dc -> 
  custom:container-muxer-webm: aa71ff27fc2769a1b78a27578f13a17b -> 
  custom:container-demuxer-webm: 4f35f7cbe854078d1ac9338744f61a02 -> 
  custom:container-demuxer-ogg: 62fdf1f143b41e24485cea50d1cbac27 -> 
  custom:video-encoder-webm-vp8: eb34c28f22e8b96e1ab97ce403110664 -> 
  custom:video-decoder-webm-vp8: 9c59270c3fd7afecdb556c50c9e8de78 -> 
  custom:audio-decoder-ogg-vorbis: bf7c407c2cedff20999df2af8eb42d56 -> 
  custom:audio-encoder-webm-vorbis: bf7c407c2cedff20999df2af8eb42d56 -> 
========================================================================
Received Import Request.
  Time since last request: 1128.359849 seconds.
  path: Assets/Scenes/Game.unity
  artifactKey: Guid(9fc0d4010bbf28b4594072e72b8655ab) Importer(815301076,1909f56bfc062723c751e8b465ee728b)
Start importing Assets/Scenes/Game.unity using Guid(9fc0d4010bbf28b4594072e72b8655ab) Importer(815301076,1909f56bfc062723c751e8b465ee728b)  -> (artifact id: '432bc88e5e4b3df6b0ac71da839af050') in 0.015825 seconds 
  Import took 0.026277 seconds .

========================================================================
Received Import Request.
  Time since last request: 3747.967210 seconds.
  path: Assets/Resources/PhotonPrefabs/KillLog.prefab
  artifactKey: Guid(40c066431246dcb4e9b41ea00a6954e2) Importer(815301076,1909f56bfc062723c751e8b465ee728b)
Start importing Assets/Resources/PhotonPrefabs/KillLog.prefab using Guid(40c066431246dcb4e9b41ea00a6954e2) Importer(815301076,1909f56bfc062723c751e8b465ee728b)  -> (artifact id: '498a9679d01758c64cba81f86c54e0a7') in 0.053253 seconds 
  Import took 0.057350 seconds .

========================================================================
Received Import Request.
  Time since last request: 0.000263 seconds.
  path: Assets/Resources/PhotonPrefabs/Player.prefab
  artifactKey: Guid(12aa6999d90cd3443a9c48a9d2fb6b18) Importer(815301076,1909f56bfc062723c751e8b465ee728b)
Start importing Assets/Resources/PhotonPrefabs/Player.prefab using Guid(12aa6999d90cd3443a9c48a9d2fb6b18) Importer(815301076,1909f56bfc062723c751e8b465ee728b)  -> (artifact id: '45b51f968457d7d4aa9ea67b55d41264') in 0.178870 seconds 
  Import took 0.185048 seconds .

========================================================================
Received Import Request.
  Time since last request: 312.122072 seconds.
  path: Assets/Scripts/Manager/GameManager.cs
  artifactKey: Guid(faa3d11d66e7bc84cab81a23a6ca9ea7) Importer(815301076,1909f56bfc062723c751e8b465ee728b)
Start importing Assets/Scripts/Manager/GameManager.cs using Guid(faa3d11d66e7bc84cab81a23a6ca9ea7) Importer(815301076,1909f56bfc062723c751e8b465ee728b)  -> (artifact id: 'e4bdf710c68df92ebca82472708d31c2') in 0.067013 seconds 
  Import took 0.070894 seconds .

========================================================================
Received Import Request.
  Time since last request: 30.707786 seconds.
  path: Assets/Scenes/Game.unity
  artifactKey: Guid(9fc0d4010bbf28b4594072e72b8655ab) Importer(815301076,1909f56bfc062723c751e8b465ee728b)
Start importing Assets/Scenes/Game.unity using Guid(9fc0d4010bbf28b4594072e72b8655ab) Importer(815301076,1909f56bfc062723c751e8b465ee728b)  -> (artifact id: 'f9be24c5e39f59c5dde0b4ece0caef9e') in 0.003701 seconds 
  Import took 0.007573 seconds .

========================================================================
Received Import Request.
  Time since last request: 102.326762 seconds.
  path: Assets/Scripts/Manager/ServerManager.cs
  artifactKey: Guid(90c434ff0a21dd345b62f525f6d8b907) Importer(815301076,1909f56bfc062723c751e8b465ee728b)
Start importing Assets/Scripts/Manager/ServerManager.cs using Guid(90c434ff0a21dd345b62f525f6d8b907) Importer(815301076,1909f56bfc062723c751e8b465ee728b)  -> (artifact id: 'ada94886ce77bc2cf4ecf93587c9032d') in 0.003150 seconds 
  Import took 0.014476 seconds .

========================================================================
Received Import Request.
  Time since last request: 2.876399 seconds.
  path: Assets/Scripts/Helper/HelperManager.cs
  artifactKey: Guid(e4141469305fb6a44868a49a5fbff46a) Importer(815301076,1909f56bfc062723c751e8b465ee728b)
Start importing Assets/Scripts/Helper/HelperManager.cs using Guid(e4141469305fb6a44868a49a5fbff46a) Importer(815301076,1909f56bfc062723c751e8b465ee728b)  -> (artifact id: 'a1a3c1759770d3b3112ce89667959433') in 0.003314 seconds 
  Import took 0.006805 seconds .

========================================================================
Received Import Request.
  Time since last request: 73.103729 seconds.
  path: Assets/Scripts/AI
  artifactKey: Guid(093fcddaa93521d4085a0baeca99136e) Importer(815301076,1909f56bfc062723c751e8b465ee728b)
Start importing Assets/Scripts/AI using Guid(093fcddaa93521d4085a0baeca99136e) Importer(815301076,1909f56bfc062723c751e8b465ee728b)  -> (artifact id: '51f4f43ade737b62e5952ee2a8d42b8a') in 0.003158 seconds 
  Import took 0.007333 seconds .

========================================================================
Received Import Request.
  Time since last request: 12.627328 seconds.
  path: Assets/Scripts/AI/AIManager.cs
  artifactKey: Guid(fdfb12629d1c23649946b43eca982509) Importer(815301076,1909f56bfc062723c751e8b465ee728b)
Start importing Assets/Scripts/AI/AIManager.cs using Guid(fdfb12629d1c23649946b43eca982509) Importer(815301076,1909f56bfc062723c751e8b465ee728b)  -> (artifact id: '310e16633c9873defa4f9a4ca1ae6252') in 0.003155 seconds 
  Import took 0.006514 seconds .

========================================================================
Received Prepare
Default GameObject BitMask: Water already registered
Registering precompiled user dll's ...
Registered in 0.013304 seconds.
Begin MonoManager ReloadAssembly
Native extension for WindowsStandalone target not found
Refreshing native plugins compatible for Editor in 0.65 ms, found 2 plugins.
Preloading 0 native plugins for Editor in 0.00 ms.
Mono: successfully reloaded assembly
- Completed reload, in  1.147 seconds
Domain Reload Profiling:
	ReloadAssembly (1148ms)
		BeginReloadAssembly (152ms)
			ExecutionOrderSort (0ms)
			DisableScriptedObjects (4ms)
			BackupInstance (0ms)
			ReleaseScriptingObjects (0ms)
			CreateAndSetChildDomain (43ms)
		EndReloadAssembly (912ms)
			LoadAssemblies (124ms)
			RebuildTransferFunctionScriptingTraits (0ms)
			SetupTypeCache (289ms)
			ReleaseScriptCaches (1ms)
			RebuildScriptCaches (52ms)
			SetupLoadedEditorAssemblies (369ms)
				LogAssemblyErrors (0ms)
				InitializePlatformSupportModulesInManaged (5ms)
				SetLoadedEditorAssemblies (0ms)
				RefreshPlugins (1ms)
				BeforeProcessingInitializeOnLoad (110ms)
				ProcessInitializeOnLoadAttributes (223ms)
				ProcessInitializeOnLoadMethodAttributes (13ms)
				AfterProcessingInitializeOnLoad (16ms)
				EditorAssembliesLoaded (0ms)
			ExecutionOrderSort2 (0ms)
			AwakeInstancesAfterBackupRestoration (6ms)
Platform modules already initialized, skipping
Refreshing native plugins compatible for Editor in 0.80 ms, found 2 plugins.
Preloading 0 native plugins for Editor in 0.00 ms.
Unloading 2019 Unused Serialized files (Serialized files now loaded: 0)
System memory in use before: 108.2 MB.
System memory in use after: 108.3 MB.

Unloading 20 unused Assets to reduce memory usage. Loaded Objects now: 2491.
Total: 2.533100 ms (FindLiveObjects: 0.157300 ms CreateObjectMapping: 0.071200 ms MarkObjects: 2.287200 ms  DeleteObjects: 0.016600 ms)

AssetImportParameters requested are different than current active one (requested -> active):
  custom:framework-win-MediaFoundation: 216162199b28c13a410421893ffa2e32 -> 
  custom:video-decoder-ogg-theora: a1e56fd34408186e4bbccfd4996cb3dc -> 
  custom:container-muxer-webm: aa71ff27fc2769a1b78a27578f13a17b -> 
  custom:container-demuxer-webm: 4f35f7cbe854078d1ac9338744f61a02 -> 
  custom:container-demuxer-ogg: 62fdf1f143b41e24485cea50d1cbac27 -> 
  custom:video-encoder-webm-vp8: eb34c28f22e8b96e1ab97ce403110664 -> 
  custom:video-decoder-webm-vp8: 9c59270c3fd7afecdb556c50c9e8de78 -> 
  custom:audio-decoder-ogg-vorbis: bf7c407c2cedff20999df2af8eb42d56 -> 
  custom:audio-encoder-webm-vorbis: bf7c407c2cedff20999df2af8eb42d56 -> 
========================================================================
Received Import Request.
  Time since last request: 17.535838 seconds.
  path: Assets/Scripts/AI/AIManager.cs
  artifactKey: Guid(fdfb12629d1c23649946b43eca982509) Importer(815301076,1909f56bfc062723c751e8b465ee728b)
Start importing Assets/Scripts/AI/AIManager.cs using Guid(fdfb12629d1c23649946b43eca982509) Importer(815301076,1909f56bfc062723c751e8b465ee728b)  -> (artifact id: 'b0510268ff722b3151093e380c3e88d1') in 0.005587 seconds 
  Import took 0.008998 seconds .

========================================================================
Received Prepare
Default GameObject BitMask: Water already registered
Registering precompiled user dll's ...
Registered in 0.010969 seconds.
Begin MonoManager ReloadAssembly
Native extension for WindowsStandalone target not found
Refreshing native plugins compatible for Editor in 0.69 ms, found 2 plugins.
Preloading 0 native plugins for Editor in 0.00 ms.
Mono: successfully reloaded assembly
- Completed reload, in  1.086 seconds
Domain Reload Profiling:
	ReloadAssembly (1086ms)
		BeginReloadAssembly (130ms)
			ExecutionOrderSort (0ms)
			DisableScriptedObjects (4ms)
			BackupInstance (0ms)
			ReleaseScriptingObjects (0ms)
			CreateAndSetChildDomain (29ms)
		EndReloadAssembly (870ms)
			LoadAssemblies (124ms)
			RebuildTransferFunctionScriptingTraits (0ms)
			SetupTypeCache (264ms)
			ReleaseScriptCaches (1ms)
			RebuildScriptCaches (44ms)
			SetupLoadedEditorAssemblies (362ms)
				LogAssemblyErrors (0ms)
				InitializePlatformSupportModulesInManaged (5ms)
				SetLoadedEditorAssemblies (0ms)
				RefreshPlugins (1ms)
				BeforeProcessingInitializeOnLoad (103ms)
				ProcessInitializeOnLoadAttributes (224ms)
				ProcessInitializeOnLoadMethodAttributes (12ms)
				AfterProcessingInitializeOnLoad (16ms)
				EditorAssembliesLoaded (0ms)
			ExecutionOrderSort2 (0ms)
			AwakeInstancesAfterBackupRestoration (6ms)
Platform modules already initialized, skipping
Refreshing native plugins compatible for Editor in 0.69 ms, found 2 plugins.
Preloading 0 native plugins for Editor in 0.00 ms.
Unloading 2019 Unused Serialized files (Serialized files now loaded: 0)
System memory in use before: 108.2 MB.
System memory in use after: 108.3 MB.

Unloading 20 unused Assets to reduce memory usage. Loaded Objects now: 2494.
Total: 2.429200 ms (FindLiveObjects: 0.149600 ms CreateObjectMapping: 0.070100 ms MarkObjects: 2.195400 ms  DeleteObjects: 0.013100 ms)

AssetImportParameters requested are different than current active one (requested -> active):
  custom:framework-win-MediaFoundation: 216162199b28c13a410421893ffa2e32 -> 
  custom:video-decoder-ogg-theora: a1e56fd34408186e4bbccfd4996cb3dc -> 
  custom:container-muxer-webm: aa71ff27fc2769a1b78a27578f13a17b -> 
  custom:container-demuxer-webm: 4f35f7cbe854078d1ac9338744f61a02 -> 
  custom:container-demuxer-ogg: 62fdf1f143b41e24485cea50d1cbac27 -> 
  custom:video-encoder-webm-vp8: eb34c28f22e8b96e1ab97ce403110664 -> 
  custom:video-decoder-webm-vp8: 9c59270c3fd7afecdb556c50c9e8de78 -> 
  custom:audio-decoder-ogg-vorbis: bf7c407c2cedff20999df2af8eb42d56 -> 
  custom:audio-encoder-webm-vorbis: bf7c407c2cedff20999df2af8eb42d56 -> 
========================================================================
Received Import Request.
  Time since last request: 31.637561 seconds.
  path: Assets/Resources/PhotonPrefabs/AI.prefab
  artifactKey: Guid(02d8726510dec4c49ac6758731d94a86) Importer(815301076,1909f56bfc062723c751e8b465ee728b)
Start importing Assets/Resources/PhotonPrefabs/AI.prefab using Guid(02d8726510dec4c49ac6758731d94a86) Importer(815301076,1909f56bfc062723c751e8b465ee728b)  -> (artifact id: 'bfda5198027a607625a0927ca36de65c') in 0.120568 seconds 
  Import took 0.126844 seconds .

========================================================================
Received Import Request.
  Time since last request: 1.224614 seconds.
  path: Assets/Resources/PhotonPrefabs/AI.prefab
  artifactKey: Guid(02d8726510dec4c49ac6758731d94a86) Importer(815301076,1909f56bfc062723c751e8b465ee728b)
Start importing Assets/Resources/PhotonPrefabs/AI.prefab using Guid(02d8726510dec4c49ac6758731d94a86) Importer(815301076,1909f56bfc062723c751e8b465ee728b)  -> (artifact id: '03110526f93b3cd8b5ad5f533a9a5a6b') in 0.060690 seconds 
  Import took 0.067173 seconds .

========================================================================
Received Import Request.
  Time since last request: 3.345978 seconds.
  path: Assets/Resources/PhotonPrefabs/AI.prefab
  artifactKey: Guid(02d8726510dec4c49ac6758731d94a86) Importer(815301076,1909f56bfc062723c751e8b465ee728b)
Start importing Assets/Resources/PhotonPrefabs/AI.prefab using Guid(02d8726510dec4c49ac6758731d94a86) Importer(815301076,1909f56bfc062723c751e8b465ee728b)  -> (artifact id: 'df37a90df0a79466d45da577c0497670') in 0.058709 seconds 
  Import took 0.065034 seconds .

========================================================================
Received Import Request.
  Time since last request: 13.598703 seconds.
  path: Assets/Resources/PhotonPrefabs/AI.prefab
  artifactKey: Guid(02d8726510dec4c49ac6758731d94a86) Importer(815301076,1909f56bfc062723c751e8b465ee728b)
Start importing Assets/Resources/PhotonPrefabs/AI.prefab using Guid(02d8726510dec4c49ac6758731d94a86) Importer(815301076,1909f56bfc062723c751e8b465ee728b)  -> (artifact id: '085c2187f651b90c4d51ba76c24ba5f4') in 0.056947 seconds 
  Import took 0.063320 seconds .

========================================================================
Received Import Request.
  Time since last request: 12.184764 seconds.
  path: ProjectSettings/TagManager.asset
  artifactKey: Guid(00000000000000003000000000000000) Importer(815301076,1909f56bfc062723c751e8b465ee728b)
Start importing ProjectSettings/TagManager.asset using Guid(00000000000000003000000000000000) Importer(815301076,1909f56bfc062723c751e8b465ee728b) Default GameObject BitMask: Water already registered
 -> (artifact id: 'fd8edff07fce41275aa6c13d0196158e') in 0.005542 seconds 
  Import took 0.009085 seconds .

========================================================================
Received Import Request.
  Time since last request: 15.531075 seconds.
  path: Assets/Resources/PhotonPrefabs/AI.prefab
  artifactKey: Guid(02d8726510dec4c49ac6758731d94a86) Importer(815301076,1909f56bfc062723c751e8b465ee728b)
Start importing Assets/Resources/PhotonPrefabs/AI.prefab using Guid(02d8726510dec4c49ac6758731d94a86) Importer(815301076,1909f56bfc062723c751e8b465ee728b)  -> (artifact id: '37e9e7313929e34ae43d1e8ec9bc8d6b') in 0.062064 seconds 
  Import took 0.067990 seconds .

========================================================================
Received Import Request.
  Time since last request: 9.522607 seconds.
  path: Assets/Resources/PhotonPrefabs/AI.prefab
  artifactKey: Guid(02d8726510dec4c49ac6758731d94a86) Importer(815301076,1909f56bfc062723c751e8b465ee728b)
Start importing Assets/Resources/PhotonPrefabs/AI.prefab using Guid(02d8726510dec4c49ac6758731d94a86) Importer(815301076,1909f56bfc062723c751e8b465ee728b)  -> (artifact id: 'ae33b337e22bc44b61528c621fbeec86') in 0.056702 seconds 
  Import took 0.062962 seconds .

========================================================================
Received Import Request.
  Time since last request: 36.455591 seconds.
  path: Assets/Resources/PhotonPrefabs/AI.prefab
  artifactKey: Guid(02d8726510dec4c49ac6758731d94a86) Importer(815301076,1909f56bfc062723c751e8b465ee728b)
Start importing Assets/Resources/PhotonPrefabs/AI.prefab using Guid(02d8726510dec4c49ac6758731d94a86) Importer(815301076,1909f56bfc062723c751e8b465ee728b)  -> (artifact id: 'c5496f57a8a9ddd5efe51c769d417364') in 0.055924 seconds 
  Import took 0.062643 seconds .

========================================================================
Received Prepare
Default GameObject BitMask: Water already registered
Registering precompiled user dll's ...
Registered in 0.011419 seconds.
Begin MonoManager ReloadAssembly
Native extension for WindowsStandalone target not found
Refreshing native plugins compatible for Editor in 0.64 ms, found 2 plugins.
Preloading 0 native plugins for Editor in 0.00 ms.
Mono: successfully reloaded assembly
- Completed reload, in  1.113 seconds
Domain Reload Profiling:
	ReloadAssembly (1113ms)
		BeginReloadAssembly (143ms)
			ExecutionOrderSort (0ms)
			DisableScriptedObjects (4ms)
			BackupInstance (0ms)
			ReleaseScriptingObjects (0ms)
			CreateAndSetChildDomain (32ms)
		EndReloadAssembly (894ms)
			LoadAssemblies (128ms)
			RebuildTransferFunctionScriptingTraits (0ms)
			SetupTypeCache (276ms)
			ReleaseScriptCaches (1ms)
			RebuildScriptCaches (46ms)
			SetupLoadedEditorAssemblies (366ms)
				LogAssemblyErrors (0ms)
				InitializePlatformSupportModulesInManaged (5ms)
				SetLoadedEditorAssemblies (0ms)
				RefreshPlugins (1ms)
				BeforeProcessingInitializeOnLoad (102ms)
				ProcessInitializeOnLoadAttributes (228ms)
				ProcessInitializeOnLoadMethodAttributes (13ms)
				AfterProcessingInitializeOnLoad (16ms)
				EditorAssembliesLoaded (0ms)
			ExecutionOrderSort2 (0ms)
			AwakeInstancesAfterBackupRestoration (7ms)
Platform modules already initialized, skipping
Refreshing native plugins compatible for Editor in 0.66 ms, found 2 plugins.
Preloading 0 native plugins for Editor in 0.00 ms.
Unloading 2019 Unused Serialized files (Serialized files now loaded: 0)
System memory in use before: 108.3 MB.
System memory in use after: 108.4 MB.

Unloading 21 unused Assets to reduce memory usage. Loaded Objects now: 2498.
Total: 2.433100 ms (FindLiveObjects: 0.146100 ms CreateObjectMapping: 0.065900 ms MarkObjects: 2.207600 ms  DeleteObjects: 0.012900 ms)

AssetImportParameters requested are different than current active one (requested -> active):
  custom:framework-win-MediaFoundation: 216162199b28c13a410421893ffa2e32 -> 
  custom:video-decoder-ogg-theora: a1e56fd34408186e4bbccfd4996cb3dc -> 
  custom:container-muxer-webm: aa71ff27fc2769a1b78a27578f13a17b -> 
  custom:container-demuxer-webm: 4f35f7cbe854078d1ac9338744f61a02 -> 
  custom:container-demuxer-ogg: 62fdf1f143b41e24485cea50d1cbac27 -> 
  custom:video-encoder-webm-vp8: eb34c28f22e8b96e1ab97ce403110664 -> 
  custom:video-decoder-webm-vp8: 9c59270c3fd7afecdb556c50c9e8de78 -> 
  custom:audio-decoder-ogg-vorbis: bf7c407c2cedff20999df2af8eb42d56 -> 
  custom:audio-encoder-webm-vorbis: bf7c407c2cedff20999df2af8eb42d56 -> 
========================================================================
Received Prepare
Registering precompiled user dll's ...
Registered in 0.010947 seconds.
Begin MonoManager ReloadAssembly
Native extension for WindowsStandalone target not found
Refreshing native plugins compatible for Editor in 0.71 ms, found 2 plugins.
Preloading 0 native plugins for Editor in 0.00 ms.
Mono: successfully reloaded assembly
- Completed reload, in  1.099 seconds
Domain Reload Profiling:
	ReloadAssembly (1100ms)
		BeginReloadAssembly (134ms)
			ExecutionOrderSort (0ms)
			DisableScriptedObjects (4ms)
			BackupInstance (0ms)
			ReleaseScriptingObjects (0ms)
			CreateAndSetChildDomain (30ms)
		EndReloadAssembly (890ms)
			LoadAssemblies (124ms)
			RebuildTransferFunctionScriptingTraits (0ms)
			SetupTypeCache (275ms)
			ReleaseScriptCaches (1ms)
			RebuildScriptCaches (44ms)
			SetupLoadedEditorAssemblies (363ms)
				LogAssemblyErrors (0ms)
				InitializePlatformSupportModulesInManaged (5ms)
				SetLoadedEditorAssemblies (0ms)
				RefreshPlugins (1ms)
				BeforeProcessingInitializeOnLoad (101ms)
				ProcessInitializeOnLoadAttributes (225ms)
				ProcessInitializeOnLoadMethodAttributes (13ms)
				AfterProcessingInitializeOnLoad (17ms)
				EditorAssembliesLoaded (0ms)
			ExecutionOrderSort2 (0ms)
			AwakeInstancesAfterBackupRestoration (6ms)
Platform modules already initialized, skipping
Refreshing native plugins compatible for Editor in 0.65 ms, found 2 plugins.
Preloading 0 native plugins for Editor in 0.00 ms.
Unloading 2019 Unused Serialized files (Serialized files now loaded: 0)
System memory in use before: 108.2 MB.
System memory in use after: 108.3 MB.

Unloading 20 unused Assets to reduce memory usage. Loaded Objects now: 2501.
Total: 2.348000 ms (FindLiveObjects: 0.156700 ms CreateObjectMapping: 0.071400 ms MarkObjects: 2.106700 ms  DeleteObjects: 0.012500 ms)

AssetImportParameters requested are different than current active one (requested -> active):
  custom:framework-win-MediaFoundation: 216162199b28c13a410421893ffa2e32 -> 
  custom:video-decoder-ogg-theora: a1e56fd34408186e4bbccfd4996cb3dc -> 
  custom:container-muxer-webm: aa71ff27fc2769a1b78a27578f13a17b -> 
  custom:container-demuxer-webm: 4f35f7cbe854078d1ac9338744f61a02 -> 
  custom:container-demuxer-ogg: 62fdf1f143b41e24485cea50d1cbac27 -> 
  custom:video-encoder-webm-vp8: eb34c28f22e8b96e1ab97ce403110664 -> 
  custom:video-decoder-webm-vp8: 9c59270c3fd7afecdb556c50c9e8de78 -> 
  custom:audio-decoder-ogg-vorbis: bf7c407c2cedff20999df2af8eb42d56 -> 
  custom:audio-encoder-webm-vorbis: bf7c407c2cedff20999df2af8eb42d56 -> 
========================================================================
Received Import Request.
  Time since last request: 138.028531 seconds.
  path: Assets/Resources/PhotonPrefabs/PlayerManager 1.prefab
  artifactKey: Guid(b22d3138226832046a575b29d717e128) Importer(815301076,1909f56bfc062723c751e8b465ee728b)
Start importing Assets/Resources/PhotonPrefabs/PlayerManager 1.prefab using Guid(b22d3138226832046a575b29d717e128) Importer(815301076,1909f56bfc062723c751e8b465ee728b)  -> (artifact id: '19083971e9b43b61ecb843025e6fbd26') in 0.029844 seconds 
  Import took 0.033489 seconds .

========================================================================
Received Import Request.
  Time since last request: 4.982685 seconds.
  path: Assets/Resources/PhotonPrefabs/AIManager.prefab
  artifactKey: Guid(b22d3138226832046a575b29d717e128) Importer(815301076,1909f56bfc062723c751e8b465ee728b)
Start importing Assets/Resources/PhotonPrefabs/AIManager.prefab using Guid(b22d3138226832046a575b29d717e128) Importer(815301076,1909f56bfc062723c751e8b465ee728b)  -> (artifact id: '3b4375f65a973ca68280ca0301495181') in 0.005344 seconds 
  Import took 0.008598 seconds .

========================================================================
Received Import Request.
  Time since last request: 3.353213 seconds.
  path: Assets/Resources/PhotonPrefabs/AIManager.prefab
  artifactKey: Guid(b22d3138226832046a575b29d717e128) Importer(815301076,1909f56bfc062723c751e8b465ee728b)
Start importing Assets/Resources/PhotonPrefabs/AIManager.prefab using Guid(b22d3138226832046a575b29d717e128) Importer(815301076,1909f56bfc062723c751e8b465ee728b)  -> (artifact id: '46c3aa4fbd62813db5938150c48b615b') in 0.005288 seconds 
  Import took 0.008700 seconds .

========================================================================
Received Import Request.
  Time since last request: 5.357360 seconds.
  path: Assets/Resources/PhotonPrefabs/AIManager.prefab
  artifactKey: Guid(b22d3138226832046a575b29d717e128) Importer(815301076,1909f56bfc062723c751e8b465ee728b)
Start importing Assets/Resources/PhotonPrefabs/AIManager.prefab using Guid(b22d3138226832046a575b29d717e128) Importer(815301076,1909f56bfc062723c751e8b465ee728b)  -> (artifact id: '2856a517319a033f005e41e5aedea824') in 0.005561 seconds 
  Import took 0.009198 seconds .

AssetImportWorkerClient::OnTransportError - code=2 error=End of file
